<?xml version="1.0" encoding="UTF-8"?>
<!-- Generated by org.testng.reporters.JUnitReportReporter -->
<testsuite skipped="0" hostname="DESKTOP-U021G90" name="TestCases" tests="1" failures="0" timestamp="2022-10-26T09:08:51 EDT" time="0.019" errors="0">
  <testcase name="test1" time="0.019" classname="TestCases"/>
  <system-out/>
</testsuite> <!-- TestCases -->
